C51 COMPILER V9.60.0.0   LED_KEYBOARD_INTERFACE_CODE                                       09/07/2020 00:13:59 PAGE 1   


C51 COMPILER V9.60.0.0, COMPILATION OF MODULE LED_KEYBOARD_INTERFACE_CODE
OBJECT MODULE PLACED IN .\Objects\led_keyboard_interface_code.obj
COMPILER INVOKED BY: C:\Keil_v5\C51\BIN\C51.EXE led_keyboard_interface_code.c OPTIMIZE(8,SPEED) BROWSE DEBUG OBJECTEXTEN
                    -D PRINT(.\Listings\led_keyboard_interface_code.lst) TABS(2) OBJECT(.\Objects\led_keyboard_interface_code.obj)

line level    source

   1          #include <REGX51.H>
   2          
   3          void lcd_init();
   4          void lcd_next_line();
   5          void write_cmd(int);
   6          void write_data(char);
   7          void check_row_for_col1();
   8          void check_row_for_col2();
   9          void check_row_for_col3();
  10          void delay(int ms);
  11          
  12          sbit E = P1^0;
  13          sbit RS = P1^1;
  14          sbit led = P1^2;
  15          
  16          sbit col1 = P3^0;
  17          sbit col2 = P3^1;
  18          sbit col3 = P3^2;
  19          
  20          sbit row1 = P3^3;
  21          sbit row2 = P3^4;
  22          sbit row3 = P3^5;
  23          sbit row4 = P3^6;
  24          
  25          void main(){
  26   1        
  27   1        P0 = 0x00;
  28   1        P1 = 0x00;
  29   1        P2 = 0x00;
  30   1        P3 = 0xF0;
  31   1        led = 1;
  32   1        lcd_init();
  33   1        write_data('W');
  34   1        delay(500000);
  35   1        write_data('E');
  36   1        delay(500000);
  37   1        write_data('L');
  38   1        delay(500000);
  39   1        write_data('C');
  40   1        delay(500000);
  41   1        write_data('O');
  42   1        delay(500000);
  43   1        write_data('M');
  44   1        delay(500000);
  45   1        write_data('E');
  46   1        delay(500000);
  47   1        lcd_next_line();
  48   1        write_data('P');
  49   1        delay(500000);
  50   1        write_data('R');
  51   1        delay(500000);
  52   1        write_data('E');
  53   1        delay(500000);
  54   1        write_data('S');
C51 COMPILER V9.60.0.0   LED_KEYBOARD_INTERFACE_CODE                                       09/07/2020 00:13:59 PAGE 2   

  55   1        delay(500000);
  56   1        write_data('S');
  57   1        delay(500000);
  58   1        write_data(':');
  59   1        delay(500000);
  60   1        write_data(' ');
  61   1        delay(500000);
  62   1        
  63   1        while(1){
  64   2          
  65   2          col1 = col2 = col3 = 1;
  66   2          row1 = row2 = row3 = row4 = 0;
  67   2          
  68   2          if(col1 == 0) 
  69   2             check_row_for_col1();
  70   2          else if(col2 == 0) 
  71   2             check_row_for_col2();
  72   2          else if(col3 == 0) 
  73   2             check_row_for_col3();
  74   2        }
  75   1        
  76   1      }
  77          
  78          void lcd_init(){
  79   1        write_cmd(0x38);    //for 8 bit mode
  80   1      
  81   1        write_cmd(0x0C);    //display on, cursor off
  82   1      
  83   1        write_cmd(0x01);    //clear display
  84   1      
  85   1        write_cmd(0x80);    //force cursor to beginning of 1st line
  86   1      }
  87           
  88          void lcd_next_line(){
  89   1        write_cmd(0xC0);    //force cursor to beginning of 2nd line
  90   1      }
  91          
  92          void write_cmd(int cmd){
  93   1        
  94   1        RS = 0;
  95   1        P2 = cmd;
  96   1        
  97   1        E = 1;
  98   1        delay(150);
  99   1        E = 0;
 100   1        delay(150);
 101   1        
 102   1      }
 103          
 104          void write_data(char value){
 105   1        
 106   1        RS = 1;
 107   1        P2 = value;
 108   1        
 109   1        E = 1;
 110   1        delay(150);
 111   1        E = 0;
 112   1        delay(150);
 113   1        
 114   1      }
 115          
 116          void delay(int ms){
C51 COMPILER V9.60.0.0   LED_KEYBOARD_INTERFACE_CODE                                       09/07/2020 00:13:59 PAGE 3   

 117   1        int i = 0;
 118   1        for(i = 0; i<ms; i++);
 119   1      }
 120          
 121          void check_row_for_col1(){
 122   1        
 123   1        row1 = row2 = row3 = row4 = 1;
 124   1        
 125   1        row1 = 0;
 126   1        if(col1 == 0){
 127   2          write_cmd(0x01);    //clear display
 128   2          write_cmd(0x80);    //force cursor to beginning of 1st line
 129   2          write_data('1');
 130   2        }
 131   1        row1 = 1;
 132   1        
 133   1        row2 = 0;
 134   1        if(col1 == 0){
 135   2          write_cmd(0x01);    //clear display
 136   2          write_cmd(0x80);    //force cursor to beginning of 1st line
 137   2          write_data('4');
 138   2        }
 139   1        row2 = 1;
 140   1        
 141   1        row3 = 0;
 142   1        if(col1 == 0){
 143   2          write_cmd(0x01);    //clear display
 144   2          write_cmd(0x80);    //force cursor to beginning of 1st line
 145   2          write_data('7');
 146   2        }
 147   1        row3 = 1;
 148   1        
 149   1        row4 = 0;
 150   1        if(col1 == 0){
 151   2          write_cmd(0x01);    //clear display
 152   2          write_cmd(0x80);    //force cursor to beginning of 1st line
 153   2          write_data('*');
 154   2        }
 155   1        row4 = 1;
 156   1        
 157   1      }
 158          
 159          void check_row_for_col2(){
 160   1        
 161   1        row1 = row2 = row3 = row4 = 1;
 162   1        
 163   1        row1 = 0;
 164   1        if(col2 == 0){
 165   2          write_cmd(0x01);    //clear display
 166   2          write_cmd(0x80);    //force cursor to beginning of 1st line
 167   2          write_data('2');
 168   2        }
 169   1        row1 = 1;
 170   1        
 171   1        row2 = 0;
 172   1        if(col2 == 0){
 173   2          write_cmd(0x01);    //clear display
 174   2          write_cmd(0x80);    //force cursor to beginning of 1st line
 175   2          write_data('5');
 176   2        }
 177   1        row2 = 1;
 178   1        
C51 COMPILER V9.60.0.0   LED_KEYBOARD_INTERFACE_CODE                                       09/07/2020 00:13:59 PAGE 4   

 179   1        row3 = 0;
 180   1        if(col2 == 0){
 181   2          write_cmd(0x01);    //clear display
 182   2          write_cmd(0x80);    //force cursor to beginning of 1st line
 183   2          write_data('8');
 184   2        }
 185   1        row3 = 1;
 186   1        
 187   1        row4 = 0;
 188   1        if(col2 == 0){
 189   2          write_cmd(0x01);    //clear display
 190   2          write_cmd(0x80);    //force cursor to beginning of 1st line
 191   2          write_data('0');
 192   2        }
 193   1        row4 = 1;
 194   1        
 195   1      }
 196          
 197          void check_row_for_col3(){
 198   1        
 199   1        row1 = row2 = row3 = row4 = 1;
 200   1        
 201   1        row1 = 0;
 202   1        if(col3 == 0){
 203   2          write_cmd(0x01);    //clear display
 204   2          write_cmd(0x80);    //force cursor to beginning of 1st line
 205   2          write_data('3');
 206   2        }
 207   1        row1 = 1;
 208   1        
 209   1        row2 = 0;
 210   1        if(col3 == 0){
 211   2          write_cmd(0x01);    //clear display
 212   2          write_cmd(0x80);    //force cursor to beginning of 1st line
 213   2          write_data('6');
 214   2        }
 215   1        row2 = 1;
 216   1        
 217   1        row3 = 0;
 218   1        if(col3 == 0){
 219   2          write_cmd(0x01);    //clear display
 220   2          write_cmd(0x80);    //force cursor to beginning of 1st line
 221   2          write_data('9');
 222   2        }
 223   1        row3 = 1;
 224   1        
 225   1        row4 = 0;
 226   1        if(col3 == 0){
 227   2          write_cmd(0x01);    //clear display
 228   2          write_cmd(0x80);    //force cursor to beginning of 1st line
 229   2          write_data('#');
 230   2        }
 231   1        row4 = 1;
 232   1        
 233   1      }
 234          
 235          
 236          
 237          
 238          


C51 COMPILER V9.60.0.0   LED_KEYBOARD_INTERFACE_CODE                                       09/07/2020 00:13:59 PAGE 5   

MODULE INFORMATION:   STATIC OVERLAYABLE
   CODE SIZE        =    566    ----
   CONSTANT SIZE    =   ----    ----
   XDATA SIZE       =   ----    ----
   PDATA SIZE       =   ----    ----
   DATA SIZE        =   ----    ----
   IDATA SIZE       =   ----    ----
   BIT SIZE         =   ----    ----
END OF MODULE INFORMATION.


C51 COMPILATION COMPLETE.  0 WARNING(S),  0 ERROR(S)
