C51 COMPILER V9.60.0.0   TIMER_DELAY                                                       09/07/2020 01:55:00 PAGE 1   


C51 COMPILER V9.60.0.0, COMPILATION OF MODULE TIMER_DELAY
OBJECT MODULE PLACED IN .\Objects\timer_delay.obj
COMPILER INVOKED BY: C:\Keil_v5\C51\BIN\C51.EXE timer_delay.c OPTIMIZE(8,SPEED) BROWSE DEBUG OBJECTEXTEND PRINT(.\Listin
                    -gs\timer_delay.lst) TABS(2) OBJECT(.\Objects\timer_delay.obj)

line level    source

   1          #include <REGX51.H>
   2          
   3          sbit led = P1^0;
   4          
   5          void delay();
   6          
   7          void main(){
   8   1        led = 0;
   9   1        while(1){
  10   2          led = 1;
  11   2          delay();
  12   2          led = 0;
  13   2          delay();
  14   2        }
  15   1      }
  16          
  17          void delay(){
  18   1          
  19   1        int i = 100;
  20   1        
  21   1        TMOD = 0x01;
  22   1        TH0 = 0xDC;
  23   1        TL0 = 0x00;
  24   1        
  25   1        while(i != 0){
  26   2          TR0 = 1;
  27   2          while(TF0);
  28   2        
  29   2          TR0 = 0;
  30   2          TF0 = 0;
  31   2          i--;
  32   2        }
  33   1        
  34   1      }


MODULE INFORMATION:   STATIC OVERLAYABLE
   CODE SIZE        =     46    ----
   CONSTANT SIZE    =   ----    ----
   XDATA SIZE       =   ----    ----
   PDATA SIZE       =   ----    ----
   DATA SIZE        =   ----    ----
   IDATA SIZE       =   ----    ----
   BIT SIZE         =   ----    ----
END OF MODULE INFORMATION.


C51 COMPILATION COMPLETE.  0 WARNING(S),  0 ERROR(S)
